uenv) uservm@uservm-VirtualBox:~/PycharmProjects/python_advanced_diploma/project$ docker exec -it project_server_1 /bin/sh
# pytest -v tests/test_application_without_factories.py::test_all_users
=================================================================================================== test session starts ===================================================================================================
platform linux -- Python 3.11.11, pytest-8.3.3, pluggy-1.5.0 -- /usr/local/bin/python3.11
cachedir: .pytest_cache
rootdir: /server/tests
configfile: pytest.ini
plugins: asyncio-0.25.0, Faker-30.8.2, anyio-4.6.2.post1
asyncio: mode=Mode.AUTO, asyncio_default_fixture_loop_scope=module
collected 2 items

tests/test_application_without_factories.py::test_all_users[asyncio] FAILED                                                                                                                                         [ 50%]
tests/test_application_without_factories.py::test_all_users[trio] FAILED                                                                                                                                            [100%]

======================================================================================================== FAILURES =========================================================================================================
_________________________________________________________________________________________________ test_all_users[asyncio] _________________________________________________________________________________________________

setup_database = <sqlalchemy.ext.asyncio.session.AsyncSession object at 0x7096a8a52110>

    @pytest.mark.anyio
    async def test_all_users(setup_database):
        async with AsyncClient(app=app_proj) as client:
>           response = await client.get("/api/all_users")

tests/test_application_without_factories.py:85:
_ _ _ _ _ _ _ _ _ _ _ _ _ _ _ _ _ _ _ _ _ _ _ _ _ _ _ _ _ _ _ _ _ _ _ _ _ _ _ _ _ _ _ _ _ _ _ _ _ _ _ _ _ _ _ _ _ _ _ _ _ _ _ _ _ _ _ _ _ _ _ _ _ _ _ _ _ _ _ _ _ _ _ _ _ _ _ _ _ _ _ _ _ _ _ _ _ _ _ _ _ _ _ _ _ _ _ _ _ _
/usr/local/lib/python3.11/site-packages/httpx/_client.py:1814: in get
    return await self.request(
/usr/local/lib/python3.11/site-packages/httpx/_client.py:1585: in request
    return await self.send(request, auth=auth, follow_redirects=follow_redirects)
/usr/local/lib/python3.11/site-packages/httpx/_client.py:1674: in send
    response = await self._send_handling_auth(
/usr/local/lib/python3.11/site-packages/httpx/_client.py:1702: in _send_handling_auth
    response = await self._send_handling_redirects(
/usr/local/lib/python3.11/site-packages/httpx/_client.py:1739: in _send_handling_redirects
    response = await self._send_single_request(request)
/usr/local/lib/python3.11/site-packages/httpx/_client.py:1776: in _send_single_request
    response = await transport.handle_async_request(request)
/usr/local/lib/python3.11/site-packages/httpx/_transports/asgi.py:157: in handle_async_request
    await self.app(scope, receive, send)
/usr/local/lib/python3.11/site-packages/fastapi/applications.py:1054: in __call__
    await super().__call__(scope, receive, send)
/usr/local/lib/python3.11/site-packages/starlette/applications.py:113: in __call__
    await self.middleware_stack(scope, receive, send)
/usr/local/lib/python3.11/site-packages/starlette/middleware/errors.py:187: in __call__
    raise exc
/usr/local/lib/python3.11/site-packages/starlette/middleware/errors.py:165: in __call__
    await self.app(scope, receive, _send)
/usr/local/lib/python3.11/site-packages/starlette/middleware/exceptions.py:62: in __call__
    await wrap_app_handling_exceptions(self.app, conn)(scope, receive, send)
/usr/local/lib/python3.11/site-packages/starlette/_exception_handler.py:53: in wrapped_app
    raise exc
/usr/local/lib/python3.11/site-packages/starlette/_exception_handler.py:42: in wrapped_app
    await app(scope, receive, sender)
/usr/local/lib/python3.11/site-packages/starlette/routing.py:715: in __call__
    await self.middleware_stack(scope, receive, send)
/usr/local/lib/python3.11/site-packages/starlette/routing.py:735: in app
    await route.handle(scope, receive, send)
/usr/local/lib/python3.11/site-packages/starlette/routing.py:288: in handle
    await self.app(scope, receive, send)
/usr/local/lib/python3.11/site-packages/starlette/routing.py:76: in app
    await wrap_app_handling_exceptions(app, request)(scope, receive, send)
/usr/local/lib/python3.11/site-packages/starlette/_exception_handler.py:53: in wrapped_app
    raise exc
/usr/local/lib/python3.11/site-packages/starlette/_exception_handler.py:42: in wrapped_app
    await app(scope, receive, sender)
/usr/local/lib/python3.11/site-packages/starlette/routing.py:73: in app
    response = await f(request)
/usr/local/lib/python3.11/site-packages/fastapi/routing.py:301: in app
    raw_response = await run_endpoint_function(
/usr/local/lib/python3.11/site-packages/fastapi/routing.py:212: in run_endpoint_function
    return await dependant.call(**values)
application/api/endpoints.py:38: in get_all_users
    result = await UserDAO.find_all(session=session)
application/crud.py:100: in find_all
    result = await session.execute(query)
/usr/local/lib/python3.11/site-packages/sqlalchemy/ext/asyncio/session.py:461: in execute
    result = await greenlet_spawn(
/usr/local/lib/python3.11/site-packages/sqlalchemy/util/_concurrency_py3k.py:201: in greenlet_spawn
    result = context.throw(*sys.exc_info())
/usr/local/lib/python3.11/site-packages/sqlalchemy/orm/session.py:2362: in execute
    return self._execute_internal(
/usr/local/lib/python3.11/site-packages/sqlalchemy/orm/session.py:2247: in _execute_internal
    result: Result[Any] = compile_state_cls.orm_execute_statement(
/usr/local/lib/python3.11/site-packages/sqlalchemy/orm/context.py:305: in orm_execute_statement
    result = conn.execute(
/usr/local/lib/python3.11/site-packages/sqlalchemy/engine/base.py:1418: in execute
    return meth(
/usr/local/lib/python3.11/site-packages/sqlalchemy/sql/elements.py:515: in _execute_on_connection
    return connection._execute_clauseelement(
/usr/local/lib/python3.11/site-packages/sqlalchemy/engine/base.py:1640: in _execute_clauseelement
    ret = self._execute_context(
/usr/local/lib/python3.11/site-packages/sqlalchemy/engine/base.py:1846: in _execute_context
    return self._exec_single_context(
/usr/local/lib/python3.11/site-packages/sqlalchemy/engine/base.py:1986: in _exec_single_context
    self._handle_dbapi_exception(
/usr/local/lib/python3.11/site-packages/sqlalchemy/engine/base.py:2358: in _handle_dbapi_exception
    raise exc_info[1].with_traceback(exc_info[2])
/usr/local/lib/python3.11/site-packages/sqlalchemy/engine/base.py:1967: in _exec_single_context
    self.dialect.do_execute(
/usr/local/lib/python3.11/site-packages/sqlalchemy/engine/default.py:941: in do_execute
    cursor.execute(statement, parameters)
/usr/local/lib/python3.11/site-packages/sqlalchemy/dialects/postgresql/asyncpg.py:568: in execute
    self._adapt_connection.await_(
/usr/local/lib/python3.11/site-packages/sqlalchemy/util/_concurrency_py3k.py:132: in await_only
    return current.parent.switch(awaitable)  # type: ignore[no-any-return,attr-defined] # noqa: E501
/usr/local/lib/python3.11/site-packages/sqlalchemy/util/_concurrency_py3k.py:196: in greenlet_spawn
    value = await result
/usr/local/lib/python3.11/site-packages/sqlalchemy/dialects/postgresql/asyncpg.py:504: in _prepare_and_execute
    await adapt_connection._start_transaction()
/usr/local/lib/python3.11/site-packages/sqlalchemy/dialects/postgresql/asyncpg.py:833: in _start_transaction
    self._handle_exception(error)
/usr/local/lib/python3.11/site-packages/sqlalchemy/dialects/postgresql/asyncpg.py:782: in _handle_exception
    raise error
/usr/local/lib/python3.11/site-packages/sqlalchemy/dialects/postgresql/asyncpg.py:831: in _start_transaction
    await self._transaction.start()
/usr/local/lib/python3.11/site-packages/asyncpg/transaction.py:146: in start
    await self._connection.execute(query)
/usr/local/lib/python3.11/site-packages/asyncpg/connection.py:349: in execute
    result = await self._protocol.query(query, timeout)
_ _ _ _ _ _ _ _ _ _ _ _ _ _ _ _ _ _ _ _ _ _ _ _ _ _ _ _ _ _ _ _ _ _ _ _ _ _ _ _ _ _ _ _ _ _ _ _ _ _ _ _ _ _ _ _ _ _ _ _ _ _ _ _ _ _ _ _ _ _ _ _ _ _ _ _ _ _ _ _ _ _ _ _ _ _ _ _ _ _ _ _ _ _ _ _ _ _ _ _ _ _ _ _ _ _ _ _ _ _

>   ???
E   RuntimeError: Task <Task pending name='Task-4' coro=<test_all_users() running at /server/tests/test_application_without_factories.py:85> cb=[_run_until_complete_cb() at /usr/local/lib/python3.11/asyncio/base_events.py:181]> got Future <Future pending cb=[BaseProtocol._on_waiter_completed()]> attached to a different loop

asyncpg/protocol/protocol.pyx:375: RuntimeError
-------------------------------------------------------------------------------------------------- Captured stdout setup --------------------------------------------------------------------------------------------------
Запуск фикстуры
2024-12-21 11:00:30,348 INFO sqlalchemy.engine.Engine select pg_catalog.version()
2024-12-21 11:00:30,348 INFO sqlalchemy.engine.Engine [raw sql] ()
2024-12-21 11:00:30,350 INFO sqlalchemy.engine.Engine select current_schema()
2024-12-21 11:00:30,350 INFO sqlalchemy.engine.Engine [raw sql] ()
2024-12-21 11:00:30,352 INFO sqlalchemy.engine.Engine show standard_conforming_strings
2024-12-21 11:00:30,352 INFO sqlalchemy.engine.Engine [raw sql] ()
2024-12-21 11:00:30,353 INFO sqlalchemy.engine.Engine BEGIN (implicit)
Начало
2024-12-21 11:00:30,356 INFO sqlalchemy.engine.Engine SELECT pg_catalog.pg_class.relname
FROM pg_catalog.pg_class JOIN pg_catalog.pg_namespace ON pg_catalog.pg_namespace.oid = pg_catalog.pg_class.relnamespace
WHERE pg_catalog.pg_class.relname = $1::VARCHAR AND pg_catalog.pg_class.relkind = ANY (ARRAY[$2::VARCHAR, $3::VARCHAR, $4::VARCHAR, $5::VARCHAR, $6::VARCHAR]) AND pg_catalog.pg_table_is_visible(pg_catalog.pg_class.oid) AND pg_catalog.pg_namespace.nspname != $7::VARCHAR
2024-12-21 11:00:30,356 INFO sqlalchemy.engine.Engine [generated in 0.00020s] ('followers', 'r', 'p', 'f', 'v', 'm', 'pg_catalog')
2024-12-21 11:00:30,363 INFO sqlalchemy.engine.Engine SELECT pg_catalog.pg_class.relname
FROM pg_catalog.pg_class JOIN pg_catalog.pg_namespace ON pg_catalog.pg_namespace.oid = pg_catalog.pg_class.relnamespace
WHERE pg_catalog.pg_class.relname = $1::VARCHAR AND pg_catalog.pg_class.relkind = ANY (ARRAY[$2::VARCHAR, $3::VARCHAR, $4::VARCHAR, $5::VARCHAR, $6::VARCHAR]) AND pg_catalog.pg_table_is_visible(pg_catalog.pg_class.oid) AND pg_catalog.pg_namespace.nspname != $7::VARCHAR
2024-12-21 11:00:30,363 INFO sqlalchemy.engine.Engine [cached since 0.007664s ago] ('users', 'r', 'p', 'f', 'v', 'm', 'pg_catalog')
2024-12-21 11:00:30,364 INFO sqlalchemy.engine.Engine SELECT pg_catalog.pg_class.relname
FROM pg_catalog.pg_class JOIN pg_catalog.pg_namespace ON pg_catalog.pg_namespace.oid = pg_catalog.pg_class.relnamespace
WHERE pg_catalog.pg_class.relname = $1::VARCHAR AND pg_catalog.pg_class.relkind = ANY (ARRAY[$2::VARCHAR, $3::VARCHAR, $4::VARCHAR, $5::VARCHAR, $6::VARCHAR]) AND pg_catalog.pg_table_is_visible(pg_catalog.pg_class.oid) AND pg_catalog.pg_namespace.nspname != $7::VARCHAR
2024-12-21 11:00:30,364 INFO sqlalchemy.engine.Engine [cached since 0.008207s ago] ('tweets', 'r', 'p', 'f', 'v', 'm', 'pg_catalog')
2024-12-21 11:00:30,364 INFO sqlalchemy.engine.Engine SELECT pg_catalog.pg_class.relname
FROM pg_catalog.pg_class JOIN pg_catalog.pg_namespace ON pg_catalog.pg_namespace.oid = pg_catalog.pg_class.relnamespace
WHERE pg_catalog.pg_class.relname = $1::VARCHAR AND pg_catalog.pg_class.relkind = ANY (ARRAY[$2::VARCHAR, $3::VARCHAR, $4::VARCHAR, $5::VARCHAR, $6::VARCHAR]) AND pg_catalog.pg_table_is_visible(pg_catalog.pg_class.oid) AND pg_catalog.pg_namespace.nspname != $7::VARCHAR
2024-12-21 11:00:30,364 INFO sqlalchemy.engine.Engine [cached since 0.008716s ago] ('likes', 'r', 'p', 'f', 'v', 'm', 'pg_catalog')
2024-12-21 11:00:30,365 INFO sqlalchemy.engine.Engine SELECT pg_catalog.pg_class.relname
FROM pg_catalog.pg_class JOIN pg_catalog.pg_namespace ON pg_catalog.pg_namespace.oid = pg_catalog.pg_class.relnamespace
WHERE pg_catalog.pg_class.relname = $1::VARCHAR AND pg_catalog.pg_class.relkind = ANY (ARRAY[$2::VARCHAR, $3::VARCHAR, $4::VARCHAR, $5::VARCHAR, $6::VARCHAR]) AND pg_catalog.pg_table_is_visible(pg_catalog.pg_class.oid) AND pg_catalog.pg_namespace.nspname != $7::VARCHAR
2024-12-21 11:00:30,365 INFO sqlalchemy.engine.Engine [cached since 0.00921s ago] ('media', 'r', 'p', 'f', 'v', 'm', 'pg_catalog')
2024-12-21 11:00:30,365 INFO sqlalchemy.engine.Engine
DROP TABLE media
2024-12-21 11:00:30,365 INFO sqlalchemy.engine.Engine [no key 0.00008s] ()
2024-12-21 11:00:30,376 INFO sqlalchemy.engine.Engine
DROP TABLE likes
2024-12-21 11:00:30,376 INFO sqlalchemy.engine.Engine [no key 0.00015s] ()
2024-12-21 11:00:30,377 INFO sqlalchemy.engine.Engine
DROP TABLE tweets
2024-12-21 11:00:30,377 INFO sqlalchemy.engine.Engine [no key 0.00008s] ()
2024-12-21 11:00:30,379 INFO sqlalchemy.engine.Engine
DROP TABLE followers
2024-12-21 11:00:30,379 INFO sqlalchemy.engine.Engine [no key 0.00010s] ()
2024-12-21 11:00:30,380 INFO sqlalchemy.engine.Engine
DROP TABLE users
2024-12-21 11:00:30,380 INFO sqlalchemy.engine.Engine [no key 0.00008s] ()
2024-12-21 11:00:30,381 INFO sqlalchemy.engine.Engine SELECT pg_catalog.pg_class.relname
FROM pg_catalog.pg_class JOIN pg_catalog.pg_namespace ON pg_catalog.pg_namespace.oid = pg_catalog.pg_class.relnamespace
WHERE pg_catalog.pg_class.relname = $1::VARCHAR AND pg_catalog.pg_class.relkind = ANY (ARRAY[$2::VARCHAR, $3::VARCHAR, $4::VARCHAR, $5::VARCHAR, $6::VARCHAR]) AND pg_catalog.pg_table_is_visible(pg_catalog.pg_class.oid) AND pg_catalog.pg_namespace.nspname != $7::VARCHAR
2024-12-21 11:00:30,381 INFO sqlalchemy.engine.Engine [cached since 0.0258s ago] ('followers', 'r', 'p', 'f', 'v', 'm', 'pg_catalog')
2024-12-21 11:00:30,382 INFO sqlalchemy.engine.Engine SELECT pg_catalog.pg_class.relname
FROM pg_catalog.pg_class JOIN pg_catalog.pg_namespace ON pg_catalog.pg_namespace.oid = pg_catalog.pg_class.relnamespace
WHERE pg_catalog.pg_class.relname = $1::VARCHAR AND pg_catalog.pg_class.relkind = ANY (ARRAY[$2::VARCHAR, $3::VARCHAR, $4::VARCHAR, $5::VARCHAR, $6::VARCHAR]) AND pg_catalog.pg_table_is_visible(pg_catalog.pg_class.oid) AND pg_catalog.pg_namespace.nspname != $7::VARCHAR
2024-12-21 11:00:30,382 INFO sqlalchemy.engine.Engine [cached since 0.02659s ago] ('users', 'r', 'p', 'f', 'v', 'm', 'pg_catalog')
2024-12-21 11:00:30,383 INFO sqlalchemy.engine.Engine SELECT pg_catalog.pg_class.relname
FROM pg_catalog.pg_class JOIN pg_catalog.pg_namespace ON pg_catalog.pg_namespace.oid = pg_catalog.pg_class.relnamespace
WHERE pg_catalog.pg_class.relname = $1::VARCHAR AND pg_catalog.pg_class.relkind = ANY (ARRAY[$2::VARCHAR, $3::VARCHAR, $4::VARCHAR, $5::VARCHAR, $6::VARCHAR]) AND pg_catalog.pg_table_is_visible(pg_catalog.pg_class.oid) AND pg_catalog.pg_namespace.nspname != $7::VARCHAR
2024-12-21 11:00:30,383 INFO sqlalchemy.engine.Engine [cached since 0.02704s ago] ('tweets', 'r', 'p', 'f', 'v', 'm', 'pg_catalog')
2024-12-21 11:00:30,383 INFO sqlalchemy.engine.Engine SELECT pg_catalog.pg_class.relname
FROM pg_catalog.pg_class JOIN pg_catalog.pg_namespace ON pg_catalog.pg_namespace.oid = pg_catalog.pg_class.relnamespace
WHERE pg_catalog.pg_class.relname = $1::VARCHAR AND pg_catalog.pg_class.relkind = ANY (ARRAY[$2::VARCHAR, $3::VARCHAR, $4::VARCHAR, $5::VARCHAR, $6::VARCHAR]) AND pg_catalog.pg_table_is_visible(pg_catalog.pg_class.oid) AND pg_catalog.pg_namespace.nspname != $7::VARCHAR
2024-12-21 11:00:30,383 INFO sqlalchemy.engine.Engine [cached since 0.02748s ago] ('likes', 'r', 'p', 'f', 'v', 'm', 'pg_catalog')
2024-12-21 11:00:30,383 INFO sqlalchemy.engine.Engine SELECT pg_catalog.pg_class.relname
FROM pg_catalog.pg_class JOIN pg_catalog.pg_namespace ON pg_catalog.pg_namespace.oid = pg_catalog.pg_class.relnamespace
WHERE pg_catalog.pg_class.relname = $1::VARCHAR AND pg_catalog.pg_class.relkind = ANY (ARRAY[$2::VARCHAR, $3::VARCHAR, $4::VARCHAR, $5::VARCHAR, $6::VARCHAR]) AND pg_catalog.pg_table_is_visible(pg_catalog.pg_class.oid) AND pg_catalog.pg_namespace.nspname != $7::VARCHAR
2024-12-21 11:00:30,383 INFO sqlalchemy.engine.Engine [cached since 0.0279s ago] ('media', 'r', 'p', 'f', 'v', 'm', 'pg_catalog')
2024-12-21 11:00:30,384 INFO sqlalchemy.engine.Engine
CREATE TABLE users (
        id SERIAL NOT NULL,
        name VARCHAR(50) NOT NULL,
        api_key VARCHAR NOT NULL,
        PRIMARY KEY (id)
)


2024-12-21 11:00:30,384 INFO sqlalchemy.engine.Engine [no key 0.00008s] ()
2024-12-21 11:00:30,393 INFO sqlalchemy.engine.Engine CREATE INDEX ix_users_id ON users (id)
2024-12-21 11:00:30,393 INFO sqlalchemy.engine.Engine [no key 0.00014s] ()
2024-12-21 11:00:30,394 INFO sqlalchemy.engine.Engine CREATE UNIQUE INDEX ix_users_api_key ON users (api_key)
2024-12-21 11:00:30,394 INFO sqlalchemy.engine.Engine [no key 0.00009s] ()
2024-12-21 11:00:30,395 INFO sqlalchemy.engine.Engine CREATE INDEX ix_users_name ON users (name)
2024-12-21 11:00:30,395 INFO sqlalchemy.engine.Engine [no key 0.00008s] ()
2024-12-21 11:00:30,395 INFO sqlalchemy.engine.Engine
CREATE TABLE followers (
        follower_id INTEGER NOT NULL,
        followed_id INTEGER NOT NULL,
        PRIMARY KEY (follower_id, followed_id),
        FOREIGN KEY(follower_id) REFERENCES users (id),
        FOREIGN KEY(followed_id) REFERENCES users (id)
)


2024-12-21 11:00:30,396 INFO sqlalchemy.engine.Engine [no key 0.00008s] ()
2024-12-21 11:00:30,399 INFO sqlalchemy.engine.Engine
CREATE TABLE tweets (
        id SERIAL NOT NULL,
        text VARCHAR NOT NULL,
        timestamp TIMESTAMP WITH TIME ZONE DEFAULT now() NOT NULL,
        author_id INTEGER NOT NULL,
        PRIMARY KEY (id),
        FOREIGN KEY(author_id) REFERENCES users (id) ON DELETE CASCADE
)


2024-12-21 11:00:30,399 INFO sqlalchemy.engine.Engine [no key 0.00017s] ()
2024-12-21 11:00:30,402 INFO sqlalchemy.engine.Engine CREATE INDEX ix_tweets_id ON tweets (id)
2024-12-21 11:00:30,402 INFO sqlalchemy.engine.Engine [no key 0.00010s] ()
2024-12-21 11:00:30,402 INFO sqlalchemy.engine.Engine
CREATE TABLE likes (
        id SERIAL NOT NULL,
        tweet_id INTEGER NOT NULL,
        user_id INTEGER NOT NULL,
        PRIMARY KEY (id),
        FOREIGN KEY(tweet_id) REFERENCES tweets (id),
        FOREIGN KEY(user_id) REFERENCES users (id)
)


2024-12-21 11:00:30,403 INFO sqlalchemy.engine.Engine [no key 0.00008s] ()
2024-12-21 11:00:30,404 INFO sqlalchemy.engine.Engine CREATE INDEX ix_likes_id ON likes (id)
2024-12-21 11:00:30,404 INFO sqlalchemy.engine.Engine [no key 0.00011s] ()
2024-12-21 11:00:30,405 INFO sqlalchemy.engine.Engine
CREATE TABLE media (
        id SERIAL NOT NULL,
        file_body BYTEA NOT NULL,
        file_name VARCHAR NOT NULL,
        tweet_id INTEGER,
        PRIMARY KEY (id),
        FOREIGN KEY(tweet_id) REFERENCES tweets (id) ON DELETE CASCADE
)


2024-12-21 11:00:30,405 INFO sqlalchemy.engine.Engine [no key 0.00009s] ()
2024-12-21 11:00:30,408 INFO sqlalchemy.engine.Engine CREATE INDEX ix_media_id ON media (id)
2024-12-21 11:00:30,408 INFO sqlalchemy.engine.Engine [no key 0.00010s] ()
Тестовая б/д создана
Использование тестовой сессии
Текущая сессия: <sqlalchemy.ext.asyncio.session.AsyncSession object at 0x7096a8a52110>
Создан пользователь: Brian, tttt
Пользователь успешно добавлен в базу данных
2024-12-21 11:00:30,418 INFO sqlalchemy.engine.Engine COMMIT
--------------------------------------------------------------------------------------------------- Captured log setup ----------------------------------------------------------------------------------------------------
INFO     sqlalchemy.engine.Engine:base.py:1846 select pg_catalog.version()
INFO     sqlalchemy.engine.Engine:base.py:1846 [raw sql] ()
INFO     sqlalchemy.engine.Engine:base.py:1846 select current_schema()
INFO     sqlalchemy.engine.Engine:base.py:1846 [raw sql] ()
INFO     sqlalchemy.engine.Engine:base.py:1846 show standard_conforming_strings
INFO     sqlalchemy.engine.Engine:base.py:1846 [raw sql] ()
INFO     sqlalchemy.engine.Engine:base.py:2701 BEGIN (implicit)
INFO     sqlalchemy.engine.Engine:base.py:1846 SELECT pg_catalog.pg_class.relname
FROM pg_catalog.pg_class JOIN pg_catalog.pg_namespace ON pg_catalog.pg_namespace.oid = pg_catalog.pg_class.relnamespace
WHERE pg_catalog.pg_class.relname = $1::VARCHAR AND pg_catalog.pg_class.relkind = ANY (ARRAY[$2::VARCHAR, $3::VARCHAR, $4::VARCHAR, $5::VARCHAR, $6::VARCHAR]) AND pg_catalog.pg_table_is_visible(pg_catalog.pg_class.oid) AND pg_catalog.pg_namespace.nspname != $7::VARCHAR
INFO     sqlalchemy.engine.Engine:base.py:1846 [generated in 0.00020s] ('followers', 'r', 'p', 'f', 'v', 'm', 'pg_catalog')
INFO     sqlalchemy.engine.Engine:base.py:1846 SELECT pg_catalog.pg_class.relname
FROM pg_catalog.pg_class JOIN pg_catalog.pg_namespace ON pg_catalog.pg_namespace.oid = pg_catalog.pg_class.relnamespace
WHERE pg_catalog.pg_class.relname = $1::VARCHAR AND pg_catalog.pg_class.relkind = ANY (ARRAY[$2::VARCHAR, $3::VARCHAR, $4::VARCHAR, $5::VARCHAR, $6::VARCHAR]) AND pg_catalog.pg_table_is_visible(pg_catalog.pg_class.oid) AND pg_catalog.pg_namespace.nspname != $7::VARCHAR
INFO     sqlalchemy.engine.Engine:base.py:1846 [cached since 0.007664s ago] ('users', 'r', 'p', 'f', 'v', 'm', 'pg_catalog')
INFO     sqlalchemy.engine.Engine:base.py:1846 SELECT pg_catalog.pg_class.relname
FROM pg_catalog.pg_class JOIN pg_catalog.pg_namespace ON pg_catalog.pg_namespace.oid = pg_catalog.pg_class.relnamespace
WHERE pg_catalog.pg_class.relname = $1::VARCHAR AND pg_catalog.pg_class.relkind = ANY (ARRAY[$2::VARCHAR, $3::VARCHAR, $4::VARCHAR, $5::VARCHAR, $6::VARCHAR]) AND pg_catalog.pg_table_is_visible(pg_catalog.pg_class.oid) AND pg_catalog.pg_namespace.nspname != $7::VARCHAR
INFO     sqlalchemy.engine.Engine:base.py:1846 [cached since 0.008207s ago] ('tweets', 'r', 'p', 'f', 'v', 'm', 'pg_catalog')
INFO     sqlalchemy.engine.Engine:base.py:1846 SELECT pg_catalog.pg_class.relname
FROM pg_catalog.pg_class JOIN pg_catalog.pg_namespace ON pg_catalog.pg_namespace.oid = pg_catalog.pg_class.relnamespace
WHERE pg_catalog.pg_class.relname = $1::VARCHAR AND pg_catalog.pg_class.relkind = ANY (ARRAY[$2::VARCHAR, $3::VARCHAR, $4::VARCHAR, $5::VARCHAR, $6::VARCHAR]) AND pg_catalog.pg_table_is_visible(pg_catalog.pg_class.oid) AND pg_catalog.pg_namespace.nspname != $7::VARCHAR
INFO     sqlalchemy.engine.Engine:base.py:1846 [cached since 0.008716s ago] ('likes', 'r', 'p', 'f', 'v', 'm', 'pg_catalog')
INFO     sqlalchemy.engine.Engine:base.py:1846 SELECT pg_catalog.pg_class.relname
FROM pg_catalog.pg_class JOIN pg_catalog.pg_namespace ON pg_catalog.pg_namespace.oid = pg_catalog.pg_class.relnamespace
WHERE pg_catalog.pg_class.relname = $1::VARCHAR AND pg_catalog.pg_class.relkind = ANY (ARRAY[$2::VARCHAR, $3::VARCHAR, $4::VARCHAR, $5::VARCHAR, $6::VARCHAR]) AND pg_catalog.pg_table_is_visible(pg_catalog.pg_class.oid) AND pg_catalog.pg_namespace.nspname != $7::VARCHAR
INFO     sqlalchemy.engine.Engine:base.py:1846 [cached since 0.00921s ago] ('media', 'r', 'p', 'f', 'v', 'm', 'pg_catalog')
INFO     sqlalchemy.engine.Engine:base.py:1846
DROP TABLE media
INFO     sqlalchemy.engine.Engine:base.py:1846 [no key 0.00008s] ()
INFO     sqlalchemy.engine.Engine:base.py:1846
DROP TABLE likes
INFO     sqlalchemy.engine.Engine:base.py:1846 [no key 0.00015s] ()
INFO     sqlalchemy.engine.Engine:base.py:1846
DROP TABLE tweets
INFO     sqlalchemy.engine.Engine:base.py:1846 [no key 0.00008s] ()
INFO     sqlalchemy.engine.Engine:base.py:1846
DROP TABLE followers
INFO     sqlalchemy.engine.Engine:base.py:1846 [no key 0.00010s] ()
INFO     sqlalchemy.engine.Engine:base.py:1846
DROP TABLE users
INFO     sqlalchemy.engine.Engine:base.py:1846 [no key 0.00008s] ()
INFO     sqlalchemy.engine.Engine:base.py:1846 SELECT pg_catalog.pg_class.relname
FROM pg_catalog.pg_class JOIN pg_catalog.pg_namespace ON pg_catalog.pg_namespace.oid = pg_catalog.pg_class.relnamespace
WHERE pg_catalog.pg_class.relname = $1::VARCHAR AND pg_catalog.pg_class.relkind = ANY (ARRAY[$2::VARCHAR, $3::VARCHAR, $4::VARCHAR, $5::VARCHAR, $6::VARCHAR]) AND pg_catalog.pg_table_is_visible(pg_catalog.pg_class.oid) AND pg_catalog.pg_namespace.nspname != $7::VARCHAR
INFO     sqlalchemy.engine.Engine:base.py:1846 [cached since 0.0258s ago] ('followers', 'r', 'p', 'f', 'v', 'm', 'pg_catalog')
INFO     sqlalchemy.engine.Engine:base.py:1846 SELECT pg_catalog.pg_class.relname
FROM pg_catalog.pg_class JOIN pg_catalog.pg_namespace ON pg_catalog.pg_namespace.oid = pg_catalog.pg_class.relnamespace
WHERE pg_catalog.pg_class.relname = $1::VARCHAR AND pg_catalog.pg_class.relkind = ANY (ARRAY[$2::VARCHAR, $3::VARCHAR, $4::VARCHAR, $5::VARCHAR, $6::VARCHAR]) AND pg_catalog.pg_table_is_visible(pg_catalog.pg_class.oid) AND pg_catalog.pg_namespace.nspname != $7::VARCHAR
INFO     sqlalchemy.engine.Engine:base.py:1846 [cached since 0.02659s ago] ('users', 'r', 'p', 'f', 'v', 'm', 'pg_catalog')
INFO     sqlalchemy.engine.Engine:base.py:1846 SELECT pg_catalog.pg_class.relname
FROM pg_catalog.pg_class JOIN pg_catalog.pg_namespace ON pg_catalog.pg_namespace.oid = pg_catalog.pg_class.relnamespace
WHERE pg_catalog.pg_class.relname = $1::VARCHAR AND pg_catalog.pg_class.relkind = ANY (ARRAY[$2::VARCHAR, $3::VARCHAR, $4::VARCHAR, $5::VARCHAR, $6::VARCHAR]) AND pg_catalog.pg_table_is_visible(pg_catalog.pg_class.oid) AND pg_catalog.pg_namespace.nspname != $7::VARCHAR
INFO     sqlalchemy.engine.Engine:base.py:1846 [cached since 0.02704s ago] ('tweets', 'r', 'p', 'f', 'v', 'm', 'pg_catalog')
INFO     sqlalchemy.engine.Engine:base.py:1846 SELECT pg_catalog.pg_class.relname
FROM pg_catalog.pg_class JOIN pg_catalog.pg_namespace ON pg_catalog.pg_namespace.oid = pg_catalog.pg_class.relnamespace
WHERE pg_catalog.pg_class.relname = $1::VARCHAR AND pg_catalog.pg_class.relkind = ANY (ARRAY[$2::VARCHAR, $3::VARCHAR, $4::VARCHAR, $5::VARCHAR, $6::VARCHAR]) AND pg_catalog.pg_table_is_visible(pg_catalog.pg_class.oid) AND pg_catalog.pg_namespace.nspname != $7::VARCHAR
INFO     sqlalchemy.engine.Engine:base.py:1846 [cached since 0.02748s ago] ('likes', 'r', 'p', 'f', 'v', 'm', 'pg_catalog')
INFO     sqlalchemy.engine.Engine:base.py:1846 SELECT pg_catalog.pg_class.relname
FROM pg_catalog.pg_class JOIN pg_catalog.pg_namespace ON pg_catalog.pg_namespace.oid = pg_catalog.pg_class.relnamespace
WHERE pg_catalog.pg_class.relname = $1::VARCHAR AND pg_catalog.pg_class.relkind = ANY (ARRAY[$2::VARCHAR, $3::VARCHAR, $4::VARCHAR, $5::VARCHAR, $6::VARCHAR]) AND pg_catalog.pg_table_is_visible(pg_catalog.pg_class.oid) AND pg_catalog.pg_namespace.nspname != $7::VARCHAR
INFO     sqlalchemy.engine.Engine:base.py:1846 [cached since 0.0279s ago] ('media', 'r', 'p', 'f', 'v', 'm', 'pg_catalog')
INFO     sqlalchemy.engine.Engine:base.py:1846
CREATE TABLE users (
        id SERIAL NOT NULL,
        name VARCHAR(50) NOT NULL,
        api_key VARCHAR NOT NULL,
        PRIMARY KEY (id)
)


INFO     sqlalchemy.engine.Engine:base.py:1846 [no key 0.00008s] ()
INFO     sqlalchemy.engine.Engine:base.py:1846 CREATE INDEX ix_users_id ON users (id)
INFO     sqlalchemy.engine.Engine:base.py:1846 [no key 0.00014s] ()
INFO     sqlalchemy.engine.Engine:base.py:1846 CREATE UNIQUE INDEX ix_users_api_key ON users (api_key)
INFO     sqlalchemy.engine.Engine:base.py:1846 [no key 0.00009s] ()
INFO     sqlalchemy.engine.Engine:base.py:1846 CREATE INDEX ix_users_name ON users (name)
INFO     sqlalchemy.engine.Engine:base.py:1846 [no key 0.00008s] ()
INFO     sqlalchemy.engine.Engine:base.py:1846
CREATE TABLE followers (
        follower_id INTEGER NOT NULL,
        followed_id INTEGER NOT NULL,
        PRIMARY KEY (follower_id, followed_id),
        FOREIGN KEY(follower_id) REFERENCES users (id),
        FOREIGN KEY(followed_id) REFERENCES users (id)
)


INFO     sqlalchemy.engine.Engine:base.py:1846 [no key 0.00008s] ()
INFO     sqlalchemy.engine.Engine:base.py:1846
CREATE TABLE tweets (
        id SERIAL NOT NULL,
        text VARCHAR NOT NULL,
        timestamp TIMESTAMP WITH TIME ZONE DEFAULT now() NOT NULL,
        author_id INTEGER NOT NULL,
        PRIMARY KEY (id),
        FOREIGN KEY(author_id) REFERENCES users (id) ON DELETE CASCADE
)


INFO     sqlalchemy.engine.Engine:base.py:1846 [no key 0.00017s] ()
INFO     sqlalchemy.engine.Engine:base.py:1846 CREATE INDEX ix_tweets_id ON tweets (id)
INFO     sqlalchemy.engine.Engine:base.py:1846 [no key 0.00010s] ()
INFO     sqlalchemy.engine.Engine:base.py:1846
CREATE TABLE likes (
        id SERIAL NOT NULL,
        tweet_id INTEGER NOT NULL,
        user_id INTEGER NOT NULL,
        PRIMARY KEY (id),
        FOREIGN KEY(tweet_id) REFERENCES tweets (id),
        FOREIGN KEY(user_id) REFERENCES users (id)
)


INFO     sqlalchemy.engine.Engine:base.py:1846 [no key 0.00008s] ()
INFO     sqlalchemy.engine.Engine:base.py:1846 CREATE INDEX ix_likes_id ON likes (id)
INFO     sqlalchemy.engine.Engine:base.py:1846 [no key 0.00011s] ()
INFO     sqlalchemy.engine.Engine:base.py:1846
CREATE TABLE media (
        id SERIAL NOT NULL,
        file_body BYTEA NOT NULL,
        file_name VARCHAR NOT NULL,
        tweet_id INTEGER,
        PRIMARY KEY (id),
        FOREIGN KEY(tweet_id) REFERENCES tweets (id) ON DELETE CASCADE
)


INFO     sqlalchemy.engine.Engine:base.py:1846 [no key 0.00009s] ()
INFO     sqlalchemy.engine.Engine:base.py:1846 CREATE INDEX ix_media_id ON media (id)
INFO     sqlalchemy.engine.Engine:base.py:1846 [no key 0.00010s] ()
INFO     sqlalchemy.engine.Engine:base.py:2707 COMMIT
-------------------------------------------------------------------------------------------------- Captured stdout call ---------------------------------------------------------------------------------------------------
2024-12-21 11:00:30,423 INFO sqlalchemy.engine.Engine BEGIN (implicit)
2024-12-21 11:00:30,424 INFO sqlalchemy.engine.Engine SELECT users.id, users.name, users.api_key
FROM users
2024-12-21 11:00:30,424 INFO sqlalchemy.engine.Engine [generated in 0.00013s] ()
2024-12-21 11:00:30,424 INFO sqlalchemy.engine.Engine ROLLBACK
---------------------------------------------------------------------------------------------------- Captured log call ----------------------------------------------------------------------------------------------------
INFO     sqlalchemy.engine.Engine:base.py:2701 BEGIN (implicit)
INFO     sqlalchemy.engine.Engine:base.py:1846 SELECT users.id, users.name, users.api_key
FROM users
INFO     sqlalchemy.engine.Engine:base.py:1846 [generated in 0.00013s] ()
INFO     sqlalchemy.engine.Engine:base.py:2704 ROLLBACK
__________________________________________________________________________________________________ test_all_users[trio] ___________________________________________________________________________________________________

self = <AdaptedConnection <asyncpg.connection.Connection object at 0x7096a8b05e40>>

    async def _start_transaction(self):
        if self.isolation_level == "autocommit":
            return

        try:
            self._transaction = self._connection.transaction(
                isolation=self.isolation_level,
                readonly=self.readonly,
                deferrable=self.deferrable,
            )
>           await self._transaction.start()

/usr/local/lib/python3.11/site-packages/sqlalchemy/dialects/postgresql/asyncpg.py:831:
_ _ _ _ _ _ _ _ _ _ _ _ _ _ _ _ _ _ _ _ _ _ _ _ _ _ _ _ _ _ _ _ _ _ _ _ _ _ _ _ _ _ _ _ _ _ _ _ _ _ _ _ _ _ _ _ _ _ _ _ _ _ _ _ _ _ _ _ _ _ _ _ _ _ _ _ _ _ _ _ _ _ _ _ _ _ _ _ _ _ _ _ _ _ _ _ _ _ _ _ _ _ _ _ _ _ _ _ _ _
/usr/local/lib/python3.11/site-packages/asyncpg/transaction.py:146: in start
    await self._connection.execute(query)
/usr/local/lib/python3.11/site-packages/asyncpg/connection.py:349: in execute
    result = await self._protocol.query(query, timeout)
asyncpg/protocol/protocol.pyx:360: in query
    ???
_ _ _ _ _ _ _ _ _ _ _ _ _ _ _ _ _ _ _ _ _ _ _ _ _ _ _ _ _ _ _ _ _ _ _ _ _ _ _ _ _ _ _ _ _ _ _ _ _ _ _ _ _ _ _ _ _ _ _ _ _ _ _ _ _ _ _ _ _ _ _ _ _ _ _ _ _ _ _ _ _ _ _ _ _ _ _ _ _ _ _ _ _ _ _ _ _ _ _ _ _ _ _ _ _ _ _ _ _ _

>   ???
E   asyncpg.exceptions._base.InterfaceError: cannot perform operation: another operation is in progress

asyncpg/protocol/protocol.pyx:745: InterfaceError

The above exception was the direct cause of the following exception:

self = <sqlalchemy.engine.base.Connection object at 0x7096a8a82090>, dialect = <sqlalchemy.dialects.postgresql.asyncpg.PGDialect_asyncpg object at 0x7096a8a51c50>
context = <sqlalchemy.dialects.postgresql.asyncpg.PGExecutionContext_asyncpg object at 0x7096a6034990>, statement = <sqlalchemy.dialects.postgresql.asyncpg.PGCompiler_asyncpg object at 0x7096a8841790>, parameters = [()]

    def _exec_single_context(
        self,
        dialect: Dialect,
        context: ExecutionContext,
        statement: Union[str, Compiled],
        parameters: Optional[_AnyMultiExecuteParams],
    ) -> CursorResult[Any]:
        """continue the _execute_context() method for a single DBAPI
        cursor.execute() or cursor.executemany() call.

        """
        if dialect.bind_typing is BindTyping.SETINPUTSIZES:
            generic_setinputsizes = context._prepare_set_input_sizes()

            if generic_setinputsizes:
                try:
                    dialect.do_set_input_sizes(
                        context.cursor, generic_setinputsizes, context
                    )
                except BaseException as e:
                    self._handle_dbapi_exception(
                        e, str(statement), parameters, None, context
                    )

        cursor, str_statement, parameters = (
            context.cursor,
            context.statement,
            context.parameters,
        )

        effective_parameters: Optional[_AnyExecuteParams]

        if not context.executemany:
            effective_parameters = parameters[0]
        else:
            effective_parameters = parameters

        if self._has_events or self.engine._has_events:
            for fn in self.dispatch.before_cursor_execute:
                str_statement, effective_parameters = fn(
                    self,
                    cursor,
                    str_statement,
                    effective_parameters,
                    context,
                    context.executemany,
                )

        if self._echo:
            self._log_info(str_statement)

            stats = context._get_cache_stats()

            if not self.engine.hide_parameters:
                self._log_info(
                    "[%s] %r",
                    stats,
                    sql_util._repr_params(
                        effective_parameters,
                        batches=10,
                        ismulti=context.executemany,
                    ),
                )
            else:
                self._log_info(
                    "[%s] [SQL parameters hidden due to hide_parameters=True]",
                    stats,
                )

        evt_handled: bool = False
        try:
            if context.execute_style is ExecuteStyle.EXECUTEMANY:
                effective_parameters = cast(
                    "_CoreMultiExecuteParams", effective_parameters
                )
                if self.dialect._has_events:
                    for fn in self.dialect.dispatch.do_executemany:
                        if fn(
                            cursor,
                            str_statement,
                            effective_parameters,
                            context,
                        ):
                            evt_handled = True
                            break
                if not evt_handled:
                    self.dialect.do_executemany(
                        cursor,
                        str_statement,
                        effective_parameters,
                        context,
                    )
            elif not effective_parameters and context.no_parameters:
                if self.dialect._has_events:
                    for fn in self.dialect.dispatch.do_execute_no_params:
                        if fn(cursor, str_statement, context):
                            evt_handled = True
                            break
                if not evt_handled:
                    self.dialect.do_execute_no_params(
                        cursor, str_statement, context
                    )
            else:
                effective_parameters = cast(
                    "_CoreSingleExecuteParams", effective_parameters
                )
                if self.dialect._has_events:
                    for fn in self.dialect.dispatch.do_execute:
                        if fn(
                            cursor,
                            str_statement,
                            effective_parameters,
                            context,
                        ):
                            evt_handled = True
                            break
                if not evt_handled:
>                   self.dialect.do_execute(
                        cursor, str_statement, effective_parameters, context
                    )

/usr/local/lib/python3.11/site-packages/sqlalchemy/engine/base.py:1967:
_ _ _ _ _ _ _ _ _ _ _ _ _ _ _ _ _ _ _ _ _ _ _ _ _ _ _ _ _ _ _ _ _ _ _ _ _ _ _ _ _ _ _ _ _ _ _ _ _ _ _ _ _ _ _ _ _ _ _ _ _ _ _ _ _ _ _ _ _ _ _ _ _ _ _ _ _ _ _ _ _ _ _ _ _ _ _ _ _ _ _ _ _ _ _ _ _ _ _ _ _ _ _ _ _ _ _ _ _ _
/usr/local/lib/python3.11/site-packages/sqlalchemy/engine/default.py:941: in do_execute
    cursor.execute(statement, parameters)
/usr/local/lib/python3.11/site-packages/sqlalchemy/dialects/postgresql/asyncpg.py:568: in execute
    self._adapt_connection.await_(
/usr/local/lib/python3.11/site-packages/sqlalchemy/util/_concurrency_py3k.py:132: in await_only
    return current.parent.switch(awaitable)  # type: ignore[no-any-return,attr-defined] # noqa: E501
/usr/local/lib/python3.11/site-packages/sqlalchemy/util/_concurrency_py3k.py:196: in greenlet_spawn
    value = await result
/usr/local/lib/python3.11/site-packages/sqlalchemy/dialects/postgresql/asyncpg.py:504: in _prepare_and_execute
    await adapt_connection._start_transaction()
/usr/local/lib/python3.11/site-packages/sqlalchemy/dialects/postgresql/asyncpg.py:833: in _start_transaction
    self._handle_exception(error)
_ _ _ _ _ _ _ _ _ _ _ _ _ _ _ _ _ _ _ _ _ _ _ _ _ _ _ _ _ _ _ _ _ _ _ _ _ _ _ _ _ _ _ _ _ _ _ _ _ _ _ _ _ _ _ _ _ _ _ _ _ _ _ _ _ _ _ _ _ _ _ _ _ _ _ _ _ _ _ _ _ _ _ _ _ _ _ _ _ _ _ _ _ _ _ _ _ _ _ _ _ _ _ _ _ _ _ _ _ _

self = <AdaptedConnection <asyncpg.connection.Connection object at 0x7096a8b05e40>>, error = InterfaceError('cannot perform operation: another operation is in progress')

    def _handle_exception(self, error):
        if self._connection.is_closed():
            self._transaction = None
            self._started = False

        if not isinstance(error, AsyncAdapt_asyncpg_dbapi.Error):
            exception_mapping = self.dbapi._asyncpg_error_translate

            for super_ in type(error).__mro__:
                if super_ in exception_mapping:
                    translated_error = exception_mapping[super_](
                        "%s: %s" % (type(error), error)
                    )
                    translated_error.pgcode = translated_error.sqlstate = (
                        getattr(error, "sqlstate", None)
                    )
>                   raise translated_error from error
E                   sqlalchemy.dialects.postgresql.asyncpg.AsyncAdapt_asyncpg_dbapi.InterfaceError: <class 'asyncpg.exceptions._base.InterfaceError'>: cannot perform operation: another operation is in progress

/usr/local/lib/python3.11/site-packages/sqlalchemy/dialects/postgresql/asyncpg.py:780: InterfaceError

The above exception was the direct cause of the following exception:

setup_database = <sqlalchemy.ext.asyncio.session.AsyncSession object at 0x7096a8a52110>

    @pytest.mark.anyio
    async def test_all_users(setup_database):
        async with AsyncClient(app=app_proj) as client:
>           response = await client.get("/api/all_users")

tests/test_application_without_factories.py:85:
_ _ _ _ _ _ _ _ _ _ _ _ _ _ _ _ _ _ _ _ _ _ _ _ _ _ _ _ _ _ _ _ _ _ _ _ _ _ _ _ _ _ _ _ _ _ _ _ _ _ _ _ _ _ _ _ _ _ _ _ _ _ _ _ _ _ _ _ _ _ _ _ _ _ _ _ _ _ _ _ _ _ _ _ _ _ _ _ _ _ _ _ _ _ _ _ _ _ _ _ _ _ _ _ _ _ _ _ _ _
/usr/local/lib/python3.11/site-packages/httpx/_client.py:1814: in get
    return await self.request(
/usr/local/lib/python3.11/site-packages/httpx/_client.py:1585: in request
    return await self.send(request, auth=auth, follow_redirects=follow_redirects)
/usr/local/lib/python3.11/site-packages/httpx/_client.py:1674: in send
    response = await self._send_handling_auth(
/usr/local/lib/python3.11/site-packages/httpx/_client.py:1702: in _send_handling_auth
    response = await self._send_handling_redirects(
/usr/local/lib/python3.11/site-packages/httpx/_client.py:1739: in _send_handling_redirects
    response = await self._send_single_request(request)
/usr/local/lib/python3.11/site-packages/httpx/_client.py:1776: in _send_single_request
    response = await transport.handle_async_request(request)
/usr/local/lib/python3.11/site-packages/httpx/_transports/asgi.py:157: in handle_async_request
    await self.app(scope, receive, send)
/usr/local/lib/python3.11/site-packages/fastapi/applications.py:1054: in __call__
    await super().__call__(scope, receive, send)
/usr/local/lib/python3.11/site-packages/starlette/applications.py:113: in __call__
    await self.middleware_stack(scope, receive, send)
/usr/local/lib/python3.11/site-packages/starlette/middleware/errors.py:187: in __call__
    raise exc
/usr/local/lib/python3.11/site-packages/starlette/middleware/errors.py:165: in __call__
    await self.app(scope, receive, _send)
/usr/local/lib/python3.11/site-packages/starlette/middleware/exceptions.py:62: in __call__
    await wrap_app_handling_exceptions(self.app, conn)(scope, receive, send)
/usr/local/lib/python3.11/site-packages/starlette/_exception_handler.py:53: in wrapped_app
    raise exc
/usr/local/lib/python3.11/site-packages/starlette/_exception_handler.py:42: in wrapped_app
    await app(scope, receive, sender)
/usr/local/lib/python3.11/site-packages/starlette/routing.py:715: in __call__
    await self.middleware_stack(scope, receive, send)
/usr/local/lib/python3.11/site-packages/starlette/routing.py:735: in app
    await route.handle(scope, receive, send)
/usr/local/lib/python3.11/site-packages/starlette/routing.py:288: in handle
    await self.app(scope, receive, send)
/usr/local/lib/python3.11/site-packages/starlette/routing.py:76: in app
    await wrap_app_handling_exceptions(app, request)(scope, receive, send)
/usr/local/lib/python3.11/site-packages/starlette/_exception_handler.py:53: in wrapped_app
    raise exc
/usr/local/lib/python3.11/site-packages/starlette/_exception_handler.py:42: in wrapped_app
    await app(scope, receive, sender)
/usr/local/lib/python3.11/site-packages/starlette/routing.py:73: in app
    response = await f(request)
/usr/local/lib/python3.11/site-packages/fastapi/routing.py:301: in app
    raw_response = await run_endpoint_function(
/usr/local/lib/python3.11/site-packages/fastapi/routing.py:212: in run_endpoint_function
    return await dependant.call(**values)
application/api/endpoints.py:38: in get_all_users
    result = await UserDAO.find_all(session=session)
application/crud.py:100: in find_all
    result = await session.execute(query)
/usr/local/lib/python3.11/site-packages/sqlalchemy/ext/asyncio/session.py:461: in execute
    result = await greenlet_spawn(
/usr/local/lib/python3.11/site-packages/sqlalchemy/util/_concurrency_py3k.py:201: in greenlet_spawn
    result = context.throw(*sys.exc_info())
/usr/local/lib/python3.11/site-packages/sqlalchemy/orm/session.py:2362: in execute
    return self._execute_internal(
/usr/local/lib/python3.11/site-packages/sqlalchemy/orm/session.py:2247: in _execute_internal
    result: Result[Any] = compile_state_cls.orm_execute_statement(
/usr/local/lib/python3.11/site-packages/sqlalchemy/orm/context.py:305: in orm_execute_statement
    result = conn.execute(
/usr/local/lib/python3.11/site-packages/sqlalchemy/engine/base.py:1418: in execute
    return meth(
/usr/local/lib/python3.11/site-packages/sqlalchemy/sql/elements.py:515: in _execute_on_connection
    return connection._execute_clauseelement(
/usr/local/lib/python3.11/site-packages/sqlalchemy/engine/base.py:1640: in _execute_clauseelement
    ret = self._execute_context(
/usr/local/lib/python3.11/site-packages/sqlalchemy/engine/base.py:1846: in _execute_context
    return self._exec_single_context(
/usr/local/lib/python3.11/site-packages/sqlalchemy/engine/base.py:1986: in _exec_single_context
    self._handle_dbapi_exception(
/usr/local/lib/python3.11/site-packages/sqlalchemy/engine/base.py:2355: in _handle_dbapi_exception
    raise sqlalchemy_exception.with_traceback(exc_info[2]) from e
/usr/local/lib/python3.11/site-packages/sqlalchemy/engine/base.py:1967: in _exec_single_context
    self.dialect.do_execute(
/usr/local/lib/python3.11/site-packages/sqlalchemy/engine/default.py:941: in do_execute
    cursor.execute(statement, parameters)
/usr/local/lib/python3.11/site-packages/sqlalchemy/dialects/postgresql/asyncpg.py:568: in execute
    self._adapt_connection.await_(
/usr/local/lib/python3.11/site-packages/sqlalchemy/util/_concurrency_py3k.py:132: in await_only
    return current.parent.switch(awaitable)  # type: ignore[no-any-return,attr-defined] # noqa: E501
/usr/local/lib/python3.11/site-packages/sqlalchemy/util/_concurrency_py3k.py:196: in greenlet_spawn
    value = await result
/usr/local/lib/python3.11/site-packages/sqlalchemy/dialects/postgresql/asyncpg.py:504: in _prepare_and_execute
    await adapt_connection._start_transaction()
/usr/local/lib/python3.11/site-packages/sqlalchemy/dialects/postgresql/asyncpg.py:833: in _start_transaction
    self._handle_exception(error)
_ _ _ _ _ _ _ _ _ _ _ _ _ _ _ _ _ _ _ _ _ _ _ _ _ _ _ _ _ _ _ _ _ _ _ _ _ _ _ _ _ _ _ _ _ _ _ _ _ _ _ _ _ _ _ _ _ _ _ _ _ _ _ _ _ _ _ _ _ _ _ _ _ _ _ _ _ _ _ _ _ _ _ _ _ _ _ _ _ _ _ _ _ _ _ _ _ _ _ _ _ _ _ _ _ _ _ _ _ _

self = <AdaptedConnection <asyncpg.connection.Connection object at 0x7096a8b05e40>>, error = InterfaceError('cannot perform operation: another operation is in progress')

    def _handle_exception(self, error):
        if self._connection.is_closed():
            self._transaction = None
            self._started = False

        if not isinstance(error, AsyncAdapt_asyncpg_dbapi.Error):
            exception_mapping = self.dbapi._asyncpg_error_translate

            for super_ in type(error).__mro__:
                if super_ in exception_mapping:
                    translated_error = exception_mapping[super_](
                        "%s: %s" % (type(error), error)
                    )
                    translated_error.pgcode = translated_error.sqlstate = (
                        getattr(error, "sqlstate", None)
                    )
>                   raise translated_error from error
E                   sqlalchemy.exc.InterfaceError: (sqlalchemy.dialects.postgresql.asyncpg.InterfaceError) <class 'asyncpg.exceptions._base.InterfaceError'>: cannot perform operation: another operation is in progress
E                   [SQL: SELECT users.id, users.name, users.api_key
E                   FROM users]
E                   (Background on this error at: https://sqlalche.me/e/20/rvf5)

/usr/local/lib/python3.11/site-packages/sqlalchemy/dialects/postgresql/asyncpg.py:780: InterfaceError
-------------------------------------------------------------------------------------------------- Captured stdout call ---------------------------------------------------------------------------------------------------
2024-12-21 11:00:30,911 INFO sqlalchemy.engine.Engine BEGIN (implicit)
2024-12-21 11:00:30,911 INFO sqlalchemy.engine.Engine SELECT users.id, users.name, users.api_key
FROM users
2024-12-21 11:00:30,911 INFO sqlalchemy.engine.Engine [cached since 0.4878s ago] ()
2024-12-21 11:00:30,912 INFO sqlalchemy.engine.Engine ROLLBACK
---------------------------------------------------------------------------------------------------- Captured log call ----------------------------------------------------------------------------------------------------
INFO     sqlalchemy.engine.Engine:base.py:2701 BEGIN (implicit)
INFO     sqlalchemy.engine.Engine:base.py:1846 SELECT users.id, users.name, users.api_key
FROM users
INFO     sqlalchemy.engine.Engine:base.py:1846 [cached since 0.4878s ago] ()
INFO     sqlalchemy.engine.Engine:base.py:2704 ROLLBACK
==================================================================================================== warnings summary =====================================================================================================
test_application_without_factories.py::test_all_users[asyncio]
test_application_without_factories.py::test_all_users[trio]
  /usr/local/lib/python3.11/site-packages/httpx/_client.py:1437: DeprecationWarning: The 'app' shortcut is now deprecated. Use the explicit style 'transport=ASGITransport(app=...)' instead.
    warnings.warn(message, DeprecationWarning)

-- Docs: https://docs.pytest.org/en/stable/how-to/capture-warnings.html
================================================================================================= short test summary info =================================================================================================
FAILED tests/test_application_without_factories.py::test_all_users[asyncio] - RuntimeError: Task <Task pending name='Task-4' coro=<test_all_users() running at /server/tests/test_application_without_factories.py:85> cb=[_run_until_complete_cb() at /usr/local/lib/python3.11/asyncio/base_events...
FAILED tests/test_application_without_factories.py::test_all_users[trio] - sqlalchemy.exc.InterfaceError: (sqlalchemy.dialects.postgresql.asyncpg.InterfaceError) <class 'asyncpg.exceptions._base.InterfaceError'>: cannot perform operation: another operation is in progress
============================================================================================== 2 failed, 2 warnings in 1.96s ==============================================================================================